2024-11-22 14:49:17 | INFO | 정보 메시지
2024-11-22 14:54:51 | DEBUG | 디버그 메시지입니다.
2024-11-22 14:54:51 | INFO | 정보 메시지입니다.
2024-11-22 14:54:51 | SUCCESS | 모든 것이 잘 작동하고 있습니다!
2024-11-22 14:54:51 | WARNING | 경고 메시지입니다.
2024-11-22 14:54:51 | ERROR | 에러 메시지입니다.
2024-11-22 14:54:51 | CRITICAL | 심각한 에러 메시지입니다.
2024-11-22 14:54:51 | DEBUG | 디버그 메시지입니다.
2024-11-22 14:54:51 | INFO | 정보 메시지입니다.
2024-11-22 14:54:51 | SUCCESS | 모든 것이 잘 작동하고 있습니다!
2024-11-22 14:54:51 | WARNING | 경고 메시지입니다.
2024-11-22 14:54:51 | ERROR | 에러 메시지입니다.
2024-11-22 14:54:51 | CRITICAL | 심각한 에러 메시지입니다.
2024-11-22 14:54:51 | DEBUG | 디버그 메시지입니다.
2024-11-22 14:54:51 | INFO | 정보 메시지입니다.
2024-11-22 14:54:51 | SUCCESS | 모든 것이 잘 작동하고 있습니다!
2024-11-22 14:54:51 | WARNING | 경고 메시지입니다.
2024-11-22 14:54:51 | ERROR | 에러 메시지입니다.
2024-11-22 14:54:51 | CRITICAL | 심각한 에러 메시지입니다.
2024-11-22 14:54:51 | INFO | 정보 메시지
2024-11-22 14:54:51 | INFO | 정보 메시지
2024-11-22 14:55:53 | DEBUG | 디버그 메시지입니다.
2024-11-22 14:55:53 | DEBUG | 디버그 메시지입니다.
2024-11-22 14:55:53 | INFO | 정보 메시지입니다.
2024-11-22 14:55:53 | INFO | 정보 메시지입니다.
2024-11-22 14:55:53 | SUCCESS | 모든 것이 잘 작동하고 있습니다!
2024-11-22 14:55:53 | SUCCESS | 모든 것이 잘 작동하고 있습니다!
2024-11-22 14:55:53 | WARNING | 경고 메시지입니다.
2024-11-22 14:55:53 | WARNING | 경고 메시지입니다.
2024-11-22 14:55:53 | ERROR | 에러 메시지입니다.
2024-11-22 14:55:53 | ERROR | 에러 메시지입니다.
2024-11-22 14:55:53 | CRITICAL | 심각한 에러 메시지입니다.
2024-11-22 14:55:53 | CRITICAL | 심각한 에러 메시지입니다.
2024-11-22 14:55:53 | DEBUG | 디버그 메시지입니다.
2024-11-22 14:55:53 | DEBUG | 디버그 메시지입니다.
2024-11-22 14:55:53 | INFO | 정보 메시지입니다.
2024-11-22 14:55:53 | INFO | 정보 메시지입니다.
2024-11-22 14:55:53 | SUCCESS | 모든 것이 잘 작동하고 있습니다!
2024-11-22 14:55:53 | SUCCESS | 모든 것이 잘 작동하고 있습니다!
2024-11-22 14:55:53 | WARNING | 경고 메시지입니다.
2024-11-22 14:55:53 | WARNING | 경고 메시지입니다.
2024-11-22 14:55:53 | ERROR | 에러 메시지입니다.
2024-11-22 14:55:53 | ERROR | 에러 메시지입니다.
2024-11-22 14:55:53 | CRITICAL | 심각한 에러 메시지입니다.
2024-11-22 14:55:53 | CRITICAL | 심각한 에러 메시지입니다.
2024-11-22 14:55:53 | DEBUG | 디버그 메시지입니다.
2024-11-22 14:55:53 | DEBUG | 디버그 메시지입니다.
2024-11-22 14:55:53 | INFO | 정보 메시지입니다.
2024-11-22 14:55:53 | INFO | 정보 메시지입니다.
2024-11-22 14:55:53 | SUCCESS | 모든 것이 잘 작동하고 있습니다!
2024-11-22 14:55:53 | SUCCESS | 모든 것이 잘 작동하고 있습니다!
2024-11-22 14:55:53 | WARNING | 경고 메시지입니다.
2024-11-22 14:55:53 | WARNING | 경고 메시지입니다.
2024-11-22 14:55:53 | ERROR | 에러 메시지입니다.
2024-11-22 14:55:53 | ERROR | 에러 메시지입니다.
2024-11-22 14:55:53 | CRITICAL | 심각한 에러 메시지입니다.
2024-11-22 14:55:53 | CRITICAL | 심각한 에러 메시지입니다.
2024-11-22 14:55:53 | INFO | 정보 메시지
2024-11-22 14:55:53 | INFO | 정보 메시지
2024-11-22 14:55:53 | INFO | 정보 메시지
2024-11-22 14:55:57 | DEBUG | 디버그 메시지입니다.
2024-11-22 14:55:57 | DEBUG | 디버그 메시지입니다.
2024-11-22 14:55:57 | DEBUG | 디버그 메시지입니다.
2024-11-22 14:55:57 | INFO | 정보 메시지입니다.
2024-11-22 14:55:57 | INFO | 정보 메시지입니다.
2024-11-22 14:55:57 | INFO | 정보 메시지입니다.
2024-11-22 14:55:57 | SUCCESS | 모든 것이 잘 작동하고 있습니다!
2024-11-22 14:55:57 | SUCCESS | 모든 것이 잘 작동하고 있습니다!
2024-11-22 14:55:57 | SUCCESS | 모든 것이 잘 작동하고 있습니다!
2024-11-22 14:55:57 | WARNING | 경고 메시지입니다.
2024-11-22 14:55:57 | WARNING | 경고 메시지입니다.
2024-11-22 14:55:57 | WARNING | 경고 메시지입니다.
2024-11-22 14:55:57 | ERROR | 에러 메시지입니다.
2024-11-22 14:55:57 | ERROR | 에러 메시지입니다.
2024-11-22 14:55:57 | ERROR | 에러 메시지입니다.
2024-11-22 14:55:57 | CRITICAL | 심각한 에러 메시지입니다.
2024-11-22 14:55:57 | CRITICAL | 심각한 에러 메시지입니다.
2024-11-22 14:55:57 | CRITICAL | 심각한 에러 메시지입니다.
2024-11-22 14:55:57 | DEBUG | 디버그 메시지입니다.
2024-11-22 14:55:57 | DEBUG | 디버그 메시지입니다.
2024-11-22 14:55:57 | DEBUG | 디버그 메시지입니다.
2024-11-22 14:55:57 | INFO | 정보 메시지입니다.
2024-11-22 14:55:57 | INFO | 정보 메시지입니다.
2024-11-22 14:55:57 | INFO | 정보 메시지입니다.
2024-11-22 14:55:57 | SUCCESS | 모든 것이 잘 작동하고 있습니다!
2024-11-22 14:55:57 | SUCCESS | 모든 것이 잘 작동하고 있습니다!
2024-11-22 14:55:57 | SUCCESS | 모든 것이 잘 작동하고 있습니다!
2024-11-22 14:55:57 | WARNING | 경고 메시지입니다.
2024-11-22 14:55:57 | WARNING | 경고 메시지입니다.
2024-11-22 14:55:57 | WARNING | 경고 메시지입니다.
2024-11-22 14:55:57 | ERROR | 에러 메시지입니다.
2024-11-22 14:55:57 | ERROR | 에러 메시지입니다.
2024-11-22 14:55:57 | ERROR | 에러 메시지입니다.
2024-11-22 14:55:57 | CRITICAL | 심각한 에러 메시지입니다.
2024-11-22 14:55:57 | CRITICAL | 심각한 에러 메시지입니다.
2024-11-22 14:55:57 | CRITICAL | 심각한 에러 메시지입니다.
2024-11-22 14:55:57 | DEBUG | 디버그 메시지입니다.
2024-11-22 14:55:57 | DEBUG | 디버그 메시지입니다.
2024-11-22 14:55:57 | DEBUG | 디버그 메시지입니다.
2024-11-22 14:55:57 | INFO | 정보 메시지입니다.
2024-11-22 14:55:57 | INFO | 정보 메시지입니다.
2024-11-22 14:55:57 | INFO | 정보 메시지입니다.
2024-11-22 14:55:57 | SUCCESS | 모든 것이 잘 작동하고 있습니다!
2024-11-22 14:55:57 | SUCCESS | 모든 것이 잘 작동하고 있습니다!
2024-11-22 14:55:57 | SUCCESS | 모든 것이 잘 작동하고 있습니다!
2024-11-22 14:55:57 | WARNING | 경고 메시지입니다.
2024-11-22 14:55:57 | WARNING | 경고 메시지입니다.
2024-11-22 14:55:57 | WARNING | 경고 메시지입니다.
2024-11-22 14:55:57 | ERROR | 에러 메시지입니다.
2024-11-22 14:55:57 | ERROR | 에러 메시지입니다.
2024-11-22 14:55:57 | ERROR | 에러 메시지입니다.
2024-11-22 14:55:57 | CRITICAL | 심각한 에러 메시지입니다.
2024-11-22 14:55:57 | CRITICAL | 심각한 에러 메시지입니다.
2024-11-22 14:55:57 | CRITICAL | 심각한 에러 메시지입니다.
2024-11-22 14:55:57 | INFO | 정보 메시지
2024-11-22 14:55:57 | INFO | 정보 메시지
2024-11-22 14:55:57 | INFO | 정보 메시지
2024-11-22 14:55:57 | INFO | 정보 메시지
2024-11-22 14:56:20 | INFO | 정보 메시지
